{
  "0 debug pnpm:scope": {
    "selected": 1,
    "workspacePrefix": "/Users/pawel.ulicki/Documents/code/usedapp-fork"
  },
  "1 error pnpm": {
    "errno": 1,
    "code": "ELIFECYCLE",
    "pkgid": "@usedapp/example@0.5.3",
    "stage": "build",
    "script": "yarn build:app && yarn build:package",
    "pkgname": "@usedapp/example",
    "err": {
      "name": "pnpm",
      "message": "@usedapp/example@0.5.3 build: `yarn build:app && yarn build:package`\nExit status 1",
      "code": "ELIFECYCLE",
      "stack": "pnpm: @usedapp/example@0.5.3 build: `yarn build:app && yarn build:package`\nExit status 1\n    at EventEmitter.<anonymous> (/Users/pawel.ulicki/.nvm/versions/node/v16.18.1/lib/node_modules/pnpm/dist/pnpm.cjs:106976:20)\n    at EventEmitter.emit (node:events:513:28)\n    at ChildProcess.<anonymous> (/Users/pawel.ulicki/.nvm/versions/node/v16.18.1/lib/node_modules/pnpm/dist/pnpm.cjs:93542:18)\n    at ChildProcess.emit (node:events:513:28)\n    at maybeClose (node:internal/child_process:1100:16)\n    at Process.ChildProcess._handle.onexit (node:internal/child_process:304:5)"
    }
  },
  "2 warn pnpm:global": " Local package.json exists, but node_modules missing, did you mean to install?"
}